<?xml version="1.0" encoding="UTF-8"?>
<testng-results ignored="0" total="3" passed="3" failed="0" skipped="0">
  <reporter-output>
  </reporter-output>
  <suite started-at="2022-04-18T17:44:35 IST" name="Default suite" finished-at="2022-04-18T17:49:13 IST" duration-ms="278038">
    <groups>
    </groups>
    <test started-at="2022-04-18T17:44:35 IST" name="Default test" finished-at="2022-04-18T17:49:13 IST" duration-ms="278038">
      <class name="com.ecom.webapp.Testing">
        <test-method is-config="true" signature="startbrowser()[pri:0, instance:com.ecom.webapp.Testing@3e96bacf]" started-at="2022-04-18T17:44:35 IST" name="startbrowser" finished-at="2022-04-18T17:46:29 IST" duration-ms="114204" status="PASS">
          <reporter-output>
          </reporter-output>
        </test-method> <!-- startbrowser -->
        <test-method signature="register()[pri:1, instance:com.ecom.webapp.Testing@3e96bacf]" started-at="2022-04-18T17:46:29 IST" name="register" finished-at="2022-04-18T17:47:29 IST" duration-ms="59566" status="PASS">
          <reporter-output>
          </reporter-output>
        </test-method> <!-- register -->
        <test-method is-config="true" signature="closeBrowser()[pri:0, instance:com.ecom.webapp.Testing@3e96bacf]" started-at="2022-04-18T17:47:29 IST" name="closeBrowser" finished-at="2022-04-18T17:47:30 IST" duration-ms="1436" status="PASS">
          <reporter-output>
          </reporter-output>
        </test-method> <!-- closeBrowser -->
        <test-method is-config="true" signature="startbrowser()[pri:0, instance:com.ecom.webapp.Testing@3e96bacf]" started-at="2022-04-18T17:47:30 IST" name="startbrowser" finished-at="2022-04-18T17:47:58 IST" duration-ms="27860" status="PASS">
          <reporter-output>
          </reporter-output>
        </test-method> <!-- startbrowser -->
        <test-method signature="login()[pri:2, instance:com.ecom.webapp.Testing@3e96bacf]" started-at="2022-04-18T17:47:58 IST" name="login" finished-at="2022-04-18T17:48:18 IST" duration-ms="19221" status="PASS">
          <reporter-output>
          </reporter-output>
        </test-method> <!-- login -->
        <test-method is-config="true" signature="closeBrowser()[pri:0, instance:com.ecom.webapp.Testing@3e96bacf]" started-at="2022-04-18T17:48:18 IST" name="closeBrowser" finished-at="2022-04-18T17:48:19 IST" duration-ms="1035" status="PASS">
          <reporter-output>
          </reporter-output>
        </test-method> <!-- closeBrowser -->
        <test-method is-config="true" signature="startbrowser()[pri:0, instance:com.ecom.webapp.Testing@3e96bacf]" started-at="2022-04-18T17:48:19 IST" name="startbrowser" finished-at="2022-04-18T17:48:44 IST" duration-ms="25877" status="PASS">
          <reporter-output>
          </reporter-output>
        </test-method> <!-- startbrowser -->
        <test-method signature="addToCart()[pri:3, instance:com.ecom.webapp.Testing@3e96bacf]" started-at="2022-04-18T17:48:44 IST" name="addToCart" finished-at="2022-04-18T17:49:12 IST" duration-ms="27180" status="PASS">
          <reporter-output>
          </reporter-output>
        </test-method> <!-- addToCart -->
        <test-method is-config="true" signature="closeBrowser()[pri:0, instance:com.ecom.webapp.Testing@3e96bacf]" started-at="2022-04-18T17:49:12 IST" name="closeBrowser" finished-at="2022-04-18T17:49:13 IST" duration-ms="1572" status="PASS">
          <reporter-output>
          </reporter-output>
        </test-method> <!-- closeBrowser -->
      </class> <!-- com.ecom.webapp.Testing -->
    </test> <!-- Default test -->
  </suite> <!-- Default suite -->
</testng-results>
