<?xml version="1.0" encoding="UTF-8"?>
<!-- Generated by org.testng.reporters.JUnitXMLReporter -->
<testsuite ignored="0" hostname="DESKTOP-4IT0H0B" failures="0" tests="3" name="Default test" time="278.038" errors="0" timestamp="2022-04-18T17:49:14 IST">
  <testcase classname="com.ecom.webapp.Testing" name="register" time="59.566"/>
  <testcase classname="com.ecom.webapp.Testing" name="login" time="19.221"/>
  <testcase classname="com.ecom.webapp.Testing" name="addToCart" time="27.18"/>
</testsuite> <!-- Default test -->
