<?xml version="1.0" encoding="UTF-8"?>
<testng-results ignored="0" total="2" passed="2" failed="0" skipped="0">
  <reporter-output>
  </reporter-output>
  <suite started-at="2022-04-18T14:48:41 IST" name="Default suite" finished-at="2022-04-18T14:48:41 IST" duration-ms="138">
    <groups>
    </groups>
    <test started-at="2022-04-18T14:48:41 IST" name="Default test" finished-at="2022-04-18T14:48:41 IST" duration-ms="138">
      <class name="com.selenium.TestAnnotation">
        <test-method is-config="true" signature="beforeTest()[pri:0, instance:com.selenium.TestAnnotation@50ad3bc1]" started-at="2022-04-18T14:48:41 IST" name="beforeTest" finished-at="2022-04-18T14:48:41 IST" duration-ms="52" status="PASS">
          <reporter-output>
          </reporter-output>
        </test-method> <!-- beforeTest -->
        <test-method is-config="true" signature="beforeClass()[pri:0, instance:com.selenium.TestAnnotation@50ad3bc1]" started-at="2022-04-18T14:48:41 IST" name="beforeClass" finished-at="2022-04-18T14:48:41 IST" duration-ms="1" status="PASS">
          <reporter-output>
          </reporter-output>
        </test-method> <!-- beforeClass -->
        <test-method is-config="true" signature="beforeMethod()[pri:0, instance:com.selenium.TestAnnotation@50ad3bc1]" started-at="2022-04-18T14:48:41 IST" name="beforeMethod" finished-at="2022-04-18T14:48:41 IST" duration-ms="0" status="PASS">
          <reporter-output>
          </reporter-output>
        </test-method> <!-- beforeMethod -->
        <test-method signature="Test1()[pri:0, instance:com.selenium.TestAnnotation@50ad3bc1]" started-at="2022-04-18T14:48:41 IST" name="Test1" finished-at="2022-04-18T14:48:41 IST" duration-ms="8" status="PASS">
          <reporter-output>
          </reporter-output>
        </test-method> <!-- Test1 -->
        <test-method is-config="true" signature="afterMethod()[pri:0, instance:com.selenium.TestAnnotation@50ad3bc1]" started-at="2022-04-18T14:48:41 IST" name="afterMethod" finished-at="2022-04-18T14:48:41 IST" duration-ms="1" status="PASS">
          <reporter-output>
          </reporter-output>
        </test-method> <!-- afterMethod -->
        <test-method is-config="true" signature="beforeMethod()[pri:0, instance:com.selenium.TestAnnotation@50ad3bc1]" started-at="2022-04-18T14:48:41 IST" name="beforeMethod" finished-at="2022-04-18T14:48:41 IST" duration-ms="0" status="PASS">
          <reporter-output>
          </reporter-output>
        </test-method> <!-- beforeMethod -->
        <test-method signature="Test2()[pri:0, instance:com.selenium.TestAnnotation@50ad3bc1]" started-at="2022-04-18T14:48:41 IST" name="Test2" finished-at="2022-04-18T14:48:41 IST" duration-ms="3" status="PASS">
          <reporter-output>
          </reporter-output>
        </test-method> <!-- Test2 -->
        <test-method is-config="true" signature="afterMethod()[pri:0, instance:com.selenium.TestAnnotation@50ad3bc1]" started-at="2022-04-18T14:48:41 IST" name="afterMethod" finished-at="2022-04-18T14:48:41 IST" duration-ms="1" status="PASS">
          <reporter-output>
          </reporter-output>
        </test-method> <!-- afterMethod -->
        <test-method is-config="true" signature="afterClass()[pri:0, instance:com.selenium.TestAnnotation@50ad3bc1]" started-at="2022-04-18T14:48:41 IST" name="afterClass" finished-at="2022-04-18T14:48:41 IST" duration-ms="1" status="PASS">
          <reporter-output>
          </reporter-output>
        </test-method> <!-- afterClass -->
        <test-method is-config="true" signature="AfterTest()[pri:0, instance:com.selenium.TestAnnotation@50ad3bc1]" started-at="2022-04-18T14:48:41 IST" name="AfterTest" finished-at="2022-04-18T14:48:41 IST" duration-ms="0" status="PASS">
          <reporter-output>
          </reporter-output>
        </test-method> <!-- AfterTest -->
      </class> <!-- com.selenium.TestAnnotation -->
    </test> <!-- Default test -->
  </suite> <!-- Default suite -->
</testng-results>
